<?xml version="1.0" encoding="UTF-8" ?>
<testsuite tests="2" failures="0" name="Runner.TestRunnerForEcommerce" time="10.09" errors="2" skipped="0">
  <properties>
[...]
</properties>
  <testcase classname="Customer" name="Add a customer" time="10.069">
    <error message="The driver executable must exist: \\Cucumber\Driver\msedgedriver.exe" type="java.lang.IllegalStateException">java.lang.IllegalStateException: The driver executable must exist: \\Cucumber\Driver\msedgedriver.exe
	at org.openqa.selenium.internal.Require$FileStateChecker.isFile(Require.java:345)
	at org.openqa.selenium.remote.service.DriverFinder.getPath(DriverFinder.java:39)
	at org.openqa.selenium.edge.EdgeDriver.generateExecutor(EdgeDriver.java:70)
	at org.openqa.selenium.edge.EdgeDriver.&lt;init&gt;(EdgeDriver.java:60)
	at org.openqa.selenium.edge.EdgeDriver.&lt;init&gt;(EdgeDriver.java:56)
	at org.openqa.selenium.edge.EdgeDriver.&lt;init&gt;(EdgeDriver.java:48)
	at org.openqa.selenium.edge.EdgeDriver.&lt;init&gt;(EdgeDriver.java:44)
	at StepDefinition.Login.user_launch_the_browser(Login.java:20)
	at ✽.: User Launch the browser(file:///C:/JavaEclipse/Cucumber/features/Customers.feature:6)
</error>
    <system-out>
Scenario: Add a customer                                                                    # features/Customers.feature:5
  Given : User Launch the browser                                                           # StepDefinition.Login.user_launch_the_browser()
      java.lang.IllegalStateException: The driver executable must exist: \\Cucumber\Driver\msedgedriver.exe
	at org.openqa.selenium.internal.Require$FileStateChecker.isFile(Require.java:345)
	at org.openqa.selenium.remote.service.DriverFinder.getPath(DriverFinder.java:39)
	at org.openqa.selenium.edge.EdgeDriver.generateExecutor(EdgeDriver.java:70)
	at org.openqa.selenium.edge.EdgeDriver.&lt;init&gt;(EdgeDriver.java:60)
	at org.openqa.selenium.edge.EdgeDriver.&lt;init&gt;(EdgeDriver.java:56)
	at org.openqa.selenium.edge.EdgeDriver.&lt;init&gt;(EdgeDriver.java:48)
	at org.openqa.selenium.edge.EdgeDriver.&lt;init&gt;(EdgeDriver.java:44)
	at StepDefinition.Login.user_launch_the_browser(Login.java:20)
	at ✽.: User Launch the browser(file:///C:/JavaEclipse/Cucumber/features/Customers.feature:6)

  When :User opens the Url &quot;https://admin-demo.nopcommerce.com/login?ReturnUrl=%2Fadmin%2F&quot; # StepDefinition.Login.user_opens_the_url(java.lang.String)
  And :User enters email as &quot;admin@yourstore.com&quot; and Password &quot;admin&quot;                      # StepDefinition.Login.user_enters_email_as_and_password(java.lang.String,java.lang.String)
  And :Click on login                                                                       # StepDefinition.Login.click_on_login()
  Then :User can view dashboard                                                             # StepDefinition.Login.user_can_view_dashboard()
  When :User click on customers menu                                                        # StepDefinition.Login.user_click_on_customers_menu()
  And :click customer item                                                                  # StepDefinition.Login.click_customer_item()
  And :click on add new button                                                              # StepDefinition.Login.click_on_add_new_button()
  Then :User can view add new customer page                                                 # StepDefinition.Login.user_can_view_add_new_customer_page()
  When :user enters customer info                                                           # StepDefinition.Login.user_enters_customer_info()
  And :click on save button                                                                 # StepDefinition.Login.click_on_save_button()
  Then :User can view confirmation message &quot;The new customer has been added succesfully.&quot;   # StepDefinition.Login.user_can_view_confirmation_message(java.lang.String)
  And :close browser
</system-out>
  </testcase>
  <testcase classname="Customer" name="Search customer by email id" time="0.021">
    <error message="The driver executable must exist: \\Cucumber\Driver\msedgedriver.exe" type="java.lang.IllegalStateException">java.lang.IllegalStateException: The driver executable must exist: \\Cucumber\Driver\msedgedriver.exe
	at org.openqa.selenium.internal.Require$FileStateChecker.isFile(Require.java:345)
	at org.openqa.selenium.remote.service.DriverFinder.getPath(DriverFinder.java:39)
	at org.openqa.selenium.edge.EdgeDriver.generateExecutor(EdgeDriver.java:70)
	at org.openqa.selenium.edge.EdgeDriver.&lt;init&gt;(EdgeDriver.java:60)
	at org.openqa.selenium.edge.EdgeDriver.&lt;init&gt;(EdgeDriver.java:56)
	at org.openqa.selenium.edge.EdgeDriver.&lt;init&gt;(EdgeDriver.java:48)
	at org.openqa.selenium.edge.EdgeDriver.&lt;init&gt;(EdgeDriver.java:44)
	at StepDefinition.Login.user_launch_the_browser(Login.java:20)
	at ✽.: User Launch the browser(file:///C:/JavaEclipse/Cucumber/features/Customers.feature:22)
</error>
    <system-out>
Scenario: Search customer by email id                                                       # features/Customers.feature:20
  Given : User Launch the browser                                                           # StepDefinition.Login.user_launch_the_browser()
      java.lang.IllegalStateException: The driver executable must exist: \\Cucumber\Driver\msedgedriver.exe
	at org.openqa.selenium.internal.Require$FileStateChecker.isFile(Require.java:345)
	at org.openqa.selenium.remote.service.DriverFinder.getPath(DriverFinder.java:39)
	at org.openqa.selenium.edge.EdgeDriver.generateExecutor(EdgeDriver.java:70)
	at org.openqa.selenium.edge.EdgeDriver.&lt;init&gt;(EdgeDriver.java:60)
	at org.openqa.selenium.edge.EdgeDriver.&lt;init&gt;(EdgeDriver.java:56)
	at org.openqa.selenium.edge.EdgeDriver.&lt;init&gt;(EdgeDriver.java:48)
	at org.openqa.selenium.edge.EdgeDriver.&lt;init&gt;(EdgeDriver.java:44)
	at StepDefinition.Login.user_launch_the_browser(Login.java:20)
	at ✽.: User Launch the browser(file:///C:/JavaEclipse/Cucumber/features/Customers.feature:22)

  When :User opens the Url &quot;https://admin-demo.nopcommerce.com/login?ReturnUrl=%2Fadmin%2F&quot; # StepDefinition.Login.user_opens_the_url(java.lang.String)
  And :User enters email as &quot;admin@yourstore.com&quot; and Password &quot;admin&quot;                      # StepDefinition.Login.user_enters_email_as_and_password(java.lang.String,java.lang.String)
  And :Click on login                                                                       # StepDefinition.Login.click_on_login()
  Then :User can view dashboard                                                             # StepDefinition.Login.user_can_view_dashboard()
  When :User click on customers menu                                                        # StepDefinition.Login.user_click_on_customers_menu()
  And :click customer item                                                                  # StepDefinition.Login.click_customer_item()
  And : Enter customer email                                                                # StepDefinition.Login.enter_customer_email()
  When :click on search button                                                              # StepDefinition.Login.click_on_search_button()
  Then : user should found email in the Search table                                        # StepDefinition.Login.user_should_found_email_in_the_search_table()
  And : Close browser                                                                       # StepDefinition.Login.close_browser()
</system-out>
  </testcase>
</testsuite>